0 info it worked if it ends with ok
1 verbose cli [ 'node', '/usr/local/bin/npm', 'i', 'tweenmax', '--save' ]
2 info using npm@2.10.1
3 info using node@v0.12.5
4 verbose install initial load of /Users/Richie/Documents/Github/OmniBooks/package.json
5 verbose installManyTop reading scoped package data from /Users/Richie/Documents/Github/OmniBooks/node_modules/angular/package.json
6 verbose installManyTop reading scoped package data from /Users/Richie/Documents/Github/OmniBooks/node_modules/body-parser/package.json
7 verbose installManyTop reading scoped package data from /Users/Richie/Documents/Github/OmniBooks/node_modules/chai/package.json
8 verbose installManyTop reading scoped package data from /Users/Richie/Documents/Github/OmniBooks/node_modules/cors/package.json
9 verbose installManyTop reading scoped package data from /Users/Richie/Documents/Github/OmniBooks/node_modules/express/package.json
10 verbose installManyTop reading scoped package data from /Users/Richie/Documents/Github/OmniBooks/node_modules/express-handlebars/package.json
11 verbose installManyTop reading scoped package data from /Users/Richie/Documents/Github/OmniBooks/node_modules/grunt/package.json
12 verbose installManyTop reading scoped package data from /Users/Richie/Documents/Github/OmniBooks/node_modules/grunt-contrib-concat/package.json
13 verbose installManyTop reading scoped package data from /Users/Richie/Documents/Github/OmniBooks/node_modules/grunt-contrib-jshint/package.json
14 verbose installManyTop reading scoped package data from /Users/Richie/Documents/Github/OmniBooks/node_modules/grunt-contrib-qunit/package.json
15 verbose installManyTop reading scoped package data from /Users/Richie/Documents/Github/OmniBooks/node_modules/grunt-contrib-uglify/package.json
16 verbose installManyTop reading scoped package data from /Users/Richie/Documents/Github/OmniBooks/node_modules/grunt-contrib-watch/package.json
17 verbose installManyTop reading scoped package data from /Users/Richie/Documents/Github/OmniBooks/node_modules/grunt-karma/package.json
18 verbose installManyTop reading scoped package data from /Users/Richie/Documents/Github/OmniBooks/node_modules/grunt-mocha-test/package.json
19 verbose installManyTop reading scoped package data from /Users/Richie/Documents/Github/OmniBooks/node_modules/karma/package.json
20 verbose installManyTop reading scoped package data from /Users/Richie/Documents/Github/OmniBooks/node_modules/karma-chai/package.json
21 verbose installManyTop reading scoped package data from /Users/Richie/Documents/Github/OmniBooks/node_modules/karma-mocha/package.json
22 verbose installManyTop reading scoped package data from /Users/Richie/Documents/Github/OmniBooks/node_modules/karma-phantomjs-launcher/package.json
23 verbose installManyTop reading scoped package data from /Users/Richie/Documents/Github/OmniBooks/node_modules/mocha/package.json
24 verbose installManyTop reading scoped package data from /Users/Richie/Documents/Github/OmniBooks/node_modules/ng-file-upload/package.json
25 verbose installManyTop reading scoped package data from /Users/Richie/Documents/Github/OmniBooks/node_modules/nodemailer/package.json
26 verbose installManyTop reading scoped package data from /Users/Richie/Documents/Github/OmniBooks/node_modules/nodemailer-express-handlebars/package.json
27 verbose installManyTop reading scoped package data from /Users/Richie/Documents/Github/OmniBooks/node_modules/phantomjs/package.json
28 info package.json grunt@0.4.5 No license field.
29 info package.json grunt-contrib-uglify@0.5.1 No license field.
30 info package.json grunt-contrib-watch@0.6.1 No license field.
31 info package.json grunt-contrib-jshint@0.10.0 No license field.
32 info package.json phantomjs@1.9.17 No license field.
33 info package.json grunt-contrib-concat@0.4.0 No license field.
34 info package.json grunt-contrib-qunit@0.5.2 No license field.
35 info package.json grunt-mocha-test@0.12.7 No license field.
36 verbose readDependencies loading dependencies from /Users/Richie/Documents/Github/OmniBooks/package.json
37 silly cache add args [ 'tweenmax', null ]
38 verbose cache add spec tweenmax
39 silly cache add parsed spec { raw: 'tweenmax',
39 silly cache add   scope: null,
39 silly cache add   name: 'tweenmax',
39 silly cache add   rawSpec: '',
39 silly cache add   spec: '*',
39 silly cache add   type: 'range' }
40 silly addNamed tweenmax@*
41 verbose addNamed "*" is a valid semver range for tweenmax
42 silly addNameRange { name: 'tweenmax', range: '*', hasData: false }
43 silly mapToRegistry name tweenmax
44 silly mapToRegistry using default registry
45 silly mapToRegistry registry https://registry.npmjs.org/
46 silly mapToRegistry uri https://registry.npmjs.org/tweenmax
47 verbose addNameRange registry:https://registry.npmjs.org/tweenmax not in flight; fetching
48 verbose request uri https://registry.npmjs.org/tweenmax
49 verbose request no auth needed
50 info attempt registry request try #1 at 4:18:56 PM
51 verbose request id dbec9eaa22da2f5e
52 http request GET https://registry.npmjs.org/tweenmax
53 http 404 https://registry.npmjs.org/tweenmax
54 verbose headers { server: 'CouchDB/1.5.0 (Erlang OTP/R16B03)',
54 verbose headers   'content-type': 'application/json',
54 verbose headers   'cache-control': 'max-age=0',
54 verbose headers   'content-length': '51',
54 verbose headers   'accept-ranges': 'bytes',
54 verbose headers   date: 'Mon, 27 Jul 2015 23:18:57 GMT',
54 verbose headers   via: '1.1 varnish',
54 verbose headers   age: '0',
54 verbose headers   connection: 'keep-alive',
54 verbose headers   'x-served-by': 'cache-jfk1034-JFK',
54 verbose headers   'x-cache': 'MISS',
54 verbose headers   'x-cache-hits': '0',
54 verbose headers   'x-timer': 'S1438039137.029505,VS0,VE88' }
55 silly get cb [ 404,
55 silly get   { server: 'CouchDB/1.5.0 (Erlang OTP/R16B03)',
55 silly get     'content-type': 'application/json',
55 silly get     'cache-control': 'max-age=0',
55 silly get     'content-length': '51',
55 silly get     'accept-ranges': 'bytes',
55 silly get     date: 'Mon, 27 Jul 2015 23:18:57 GMT',
55 silly get     via: '1.1 varnish',
55 silly get     age: '0',
55 silly get     connection: 'keep-alive',
55 silly get     'x-served-by': 'cache-jfk1034-JFK',
55 silly get     'x-cache': 'MISS',
55 silly get     'x-cache-hits': '0',
55 silly get     'x-timer': 'S1438039137.029505,VS0,VE88' } ]
56 verbose stack Error: 404 Not Found: tweenmax
56 verbose stack     at CachingRegistryClient.<anonymous> (/usr/local/lib/node_modules/npm/node_modules/npm-registry-client/lib/request.js:245:14)
56 verbose stack     at Request._callback (/usr/local/lib/node_modules/npm/node_modules/npm-registry-client/lib/request.js:170:14)
56 verbose stack     at Request.self.callback (/usr/local/lib/node_modules/npm/node_modules/request/request.js:368:22)
56 verbose stack     at Request.emit (events.js:110:17)
56 verbose stack     at Request.<anonymous> (/usr/local/lib/node_modules/npm/node_modules/request/request.js:1219:14)
56 verbose stack     at Request.emit (events.js:129:20)
56 verbose stack     at IncomingMessage.<anonymous> (/usr/local/lib/node_modules/npm/node_modules/request/request.js:1167:12)
56 verbose stack     at IncomingMessage.emit (events.js:129:20)
56 verbose stack     at _stream_readable.js:908:16
56 verbose stack     at process._tickCallback (node.js:355:11)
57 verbose statusCode 404
58 verbose pkgid tweenmax
59 verbose cwd /Users/Richie/Documents/Github/OmniBooks
60 error Darwin 14.4.0
61 error argv "node" "/usr/local/bin/npm" "i" "tweenmax" "--save"
62 error node v0.12.5
63 error npm  v2.10.1
64 error code E404
65 error 404 Not Found: tweenmax
65 error 404
65 error 404 'tweenmax' is not in the npm registry.
65 error 404 You should bug the author to publish it (or use the name yourself!)
65 error 404 It was specified as a dependency of 'omnibooks'
65 error 404
65 error 404 Note that you can also install from a
65 error 404 tarball, folder, http url, or git url.
66 verbose exit [ 1, true ]
